# JRE version: Java(TM) SE Runtime Environment 18.9 (11.0.11+9) (build 11.0.11+9-LTS-194)
# Java VM: Java HotSpot(TM) 64-Bit Server VM 18.9 (11.0.11+9-LTS-194, mixed mode, tiered, compressed oops, g1 gc, windows-amd64)
Heap:
 garbage-first heap   total 131072K, used 64088K [0x0000000080c00000, 0x0000000100000000)
  region size 1024K, 58 young (59392K), 5 survivors (5120K)
 Metaspace       used 32623K, capacity 33492K, committed 33792K, reserved 1083392K
  class space    used 3910K, capacity 4259K, committed 4352K, reserved 1048576K
GC Heap History (8 events):
Event: 0.632 GC heap before
{Heap before GC invocations=0 (full 0):
 garbage-first heap   total 131072K, used 24576K [0x0000000080c00000, 0x0000000100000000)
  region size 1024K, 24 young (24576K), 0 survivors (0K)
 Metaspace       used 11063K, capacity 11276K, committed 11392K, reserved 1058816K
  class space    used 1072K, capacity 1146K, committed 1152K, reserved 1048576K
}
Event: 0.638 GC heap after
{Heap after GC invocations=1 (full 0):
 garbage-first heap   total 131072K, used 6780K [0x0000000080c00000, 0x0000000100000000)
  region size 1024K, 3 young (3072K), 3 survivors (3072K)
 Metaspace       used 11063K, capacity 11276K, committed 11392K, reserved 1058816K
  class space    used 1072K, capacity 1146K, committed 1152K, reserved 1048576K
}
Event: 1.138 GC heap before
{Heap before GC invocations=1 (full 0):
 garbage-first heap   total 131072K, used 80508K [0x0000000080c00000, 0x0000000100000000)
  region size 1024K, 76 young (77824K), 3 survivors (3072K)
 Metaspace       used 19643K, capacity 20112K, committed 20352K, reserved 1067008K
  class space    used 2203K, capacity 2387K, committed 2432K, reserved 1048576K
}
Event: 1.144 GC heap after
{Heap after GC invocations=2 (full 0):
 garbage-first heap   total 131072K, used 8983K [0x0000000080c00000, 0x0000000100000000)
  region size 1024K, 6 young (6144K), 6 survivors (6144K)
 Metaspace       used 19643K, capacity 20112K, committed 20352K, reserved 1067008K
  class space    used 2203K, capacity 2387K, committed 2432K, reserved 1048576K
}
Event: 1.187 GC heap before
{Heap before GC invocations=2 (full 0):
 garbage-first heap   total 131072K, used 15127K [0x0000000080c00000, 0x0000000100000000)
  region size 1024K, 13 young (13312K), 6 survivors (6144K)
 Metaspace       used 20719K, capacity 21208K, committed 21248K, reserved 1069056K
  class space    used 2360K, capacity 2535K, committed 2560K, reserved 1048576K
}
Event: 1.192 GC heap after
{Heap after GC invocations=3 (full 0):
 garbage-first heap   total 131072K, used 9103K [0x0000000080c00000, 0x0000000100000000)
  region size 1024K, 6 young (6144K), 6 survivors (6144K)
 Metaspace       used 20719K, capacity 21208K, committed 21248K, reserved 1069056K
  class space    used 2360K, capacity 2535K, committed 2560K, reserved 1048576K
}
Event: 1.452 GC heap before
{Heap before GC invocations=4 (full 0):
 garbage-first heap   total 131072K, used 79759K [0x0000000080c00000, 0x0000000100000000)
  region size 1024K, 76 young (77824K), 6 survivors (6144K)
 Metaspace       used 26759K, capacity 27458K, committed 27520K, reserved 1073152K
  class space    used 3140K, capacity 3405K, committed 3456K, reserved 1048576K
}
Event: 1.458 GC heap after
{Heap after GC invocations=5 (full 0):
 garbage-first heap   total 131072K, used 10840K [0x0000000080c00000, 0x0000000100000000)
  region size 1024K, 5 young (5120K), 5 survivors (5120K)
 Metaspace       used 26759K, capacity 27458K, committed 27520K, reserved 1073152K
  class space    used 3140K, capacity 3405K, committed 3456K, reserved 1048576K
}

